2022-01-25 03:34:30,036 INFO com.mongodb.diagnostics.logging.SLF4JLogger [cluster-ClusterId{value='61ee74ea46a6b46166e63427', description='null'}-cluster-shard-00-01.tyggj.mongodb.net:27017] Exception in monitor thread while connecting to server cluster-shard-00-01.tyggj.mongodb.net:27017
com.mongodb.MongoSocketReadException: Exception receiving message
	at com.mongodb.internal.connection.InternalStreamConnection.translateReadException(InternalStreamConnection.java:636)
	at com.mongodb.internal.connection.InternalStreamConnection.receiveMessageWithAdditionalTimeout(InternalStreamConnection.java:515)
	at com.mongodb.internal.connection.InternalStreamConnection.receiveCommandMessageResponse(InternalStreamConnection.java:355)
	at com.mongodb.internal.connection.InternalStreamConnection.receive(InternalStreamConnection.java:315)
	at com.mongodb.internal.connection.DefaultServerMonitor$ServerMonitorRunnable.lookupServerDescription(DefaultServerMonitor.java:215)
	at com.mongodb.internal.connection.DefaultServerMonitor$ServerMonitorRunnable.run(DefaultServerMonitor.java:144)
	at java.base/java.lang.Thread.run(Thread.java:833)
Caused by: java.net.SocketException: Socket is closed
	at java.base/java.net.Socket.setSoTimeout(Socket.java:1218)
	at java.base/sun.security.ssl.BaseSSLSocketImpl.setSoTimeout(BaseSSLSocketImpl.java:638)
	at java.base/sun.security.ssl.SSLSocketImpl.setSoTimeout(SSLSocketImpl.java:74)
	at com.mongodb.internal.connection.SocketStream.read(SocketStream.java:133)
	at com.mongodb.internal.connection.InternalStreamConnection.receiveResponseBuffers(InternalStreamConnection.java:647)
	at com.mongodb.internal.connection.InternalStreamConnection.receiveMessageWithAdditionalTimeout(InternalStreamConnection.java:512)
	... 5 common frames omitted
2022-01-25 03:34:30,036 INFO com.mongodb.diagnostics.logging.SLF4JLogger [cluster-ClusterId{value='61ee74ea46a6b46166e63427', description='null'}-cluster-shard-00-02.tyggj.mongodb.net:27017] Exception in monitor thread while connecting to server cluster-shard-00-02.tyggj.mongodb.net:27017
com.mongodb.MongoSocketReadTimeoutException: Timeout while receiving message
	at com.mongodb.internal.connection.InternalStreamConnection.translateReadException(InternalStreamConnection.java:630)
	at com.mongodb.internal.connection.InternalStreamConnection.receiveMessageWithAdditionalTimeout(InternalStreamConnection.java:515)
	at com.mongodb.internal.connection.InternalStreamConnection.receiveCommandMessageResponse(InternalStreamConnection.java:355)
	at com.mongodb.internal.connection.InternalStreamConnection.receive(InternalStreamConnection.java:315)
	at com.mongodb.internal.connection.DefaultServerMonitor$ServerMonitorRunnable.lookupServerDescription(DefaultServerMonitor.java:215)
	at com.mongodb.internal.connection.DefaultServerMonitor$ServerMonitorRunnable.run(DefaultServerMonitor.java:144)
	at java.base/java.lang.Thread.run(Thread.java:833)
Caused by: java.net.SocketTimeoutException: Read timed out
	at java.base/sun.nio.ch.NioSocketImpl.timedRead(NioSocketImpl.java:283)
	at java.base/sun.nio.ch.NioSocketImpl.implRead(NioSocketImpl.java:309)
	at java.base/sun.nio.ch.NioSocketImpl.read(NioSocketImpl.java:350)
	at java.base/sun.nio.ch.NioSocketImpl$1.read(NioSocketImpl.java:803)
	at java.base/java.net.Socket$SocketInputStream.read(Socket.java:966)
	at java.base/sun.security.ssl.SSLSocketInputRecord.read(SSLSocketInputRecord.java:478)
	at java.base/sun.security.ssl.SSLSocketInputRecord.readHeader(SSLSocketInputRecord.java:472)
	at java.base/sun.security.ssl.SSLSocketInputRecord.bytesInCompletePacket(SSLSocketInputRecord.java:70)
	at java.base/sun.security.ssl.SSLSocketImpl.readApplicationRecord(SSLSocketImpl.java:1455)
	at java.base/sun.security.ssl.SSLSocketImpl$AppInputStream.read(SSLSocketImpl.java:1059)
	at com.mongodb.internal.connection.SocketStream.read(SocketStream.java:109)
	at com.mongodb.internal.connection.SocketStream.read(SocketStream.java:131)
	at com.mongodb.internal.connection.InternalStreamConnection.receiveResponseBuffers(InternalStreamConnection.java:647)
	at com.mongodb.internal.connection.InternalStreamConnection.receiveMessageWithAdditionalTimeout(InternalStreamConnection.java:512)
	... 5 common frames omitted
2022-01-25 03:34:30,036 INFO com.mongodb.diagnostics.logging.SLF4JLogger [cluster-ClusterId{value='61ee74ea46a6b46166e63427', description='null'}-cluster-shard-00-00.tyggj.mongodb.net:27017] Exception in monitor thread while connecting to server cluster-shard-00-00.tyggj.mongodb.net:27017
com.mongodb.MongoSocketReadTimeoutException: Timeout while receiving message
	at com.mongodb.internal.connection.InternalStreamConnection.translateReadException(InternalStreamConnection.java:630)
	at com.mongodb.internal.connection.InternalStreamConnection.receiveMessageWithAdditionalTimeout(InternalStreamConnection.java:515)
	at com.mongodb.internal.connection.InternalStreamConnection.receiveCommandMessageResponse(InternalStreamConnection.java:355)
	at com.mongodb.internal.connection.InternalStreamConnection.receive(InternalStreamConnection.java:315)
	at com.mongodb.internal.connection.DefaultServerMonitor$ServerMonitorRunnable.lookupServerDescription(DefaultServerMonitor.java:215)
	at com.mongodb.internal.connection.DefaultServerMonitor$ServerMonitorRunnable.run(DefaultServerMonitor.java:144)
	at java.base/java.lang.Thread.run(Thread.java:833)
Caused by: java.net.SocketTimeoutException: Read timed out
	at java.base/sun.nio.ch.NioSocketImpl.timedRead(NioSocketImpl.java:283)
	at java.base/sun.nio.ch.NioSocketImpl.implRead(NioSocketImpl.java:309)
	at java.base/sun.nio.ch.NioSocketImpl.read(NioSocketImpl.java:350)
	at java.base/sun.nio.ch.NioSocketImpl$1.read(NioSocketImpl.java:803)
	at java.base/java.net.Socket$SocketInputStream.read(Socket.java:966)
	at java.base/sun.security.ssl.SSLSocketInputRecord.read(SSLSocketInputRecord.java:478)
	at java.base/sun.security.ssl.SSLSocketInputRecord.readHeader(SSLSocketInputRecord.java:472)
	at java.base/sun.security.ssl.SSLSocketInputRecord.bytesInCompletePacket(SSLSocketInputRecord.java:70)
	at java.base/sun.security.ssl.SSLSocketImpl.readApplicationRecord(SSLSocketImpl.java:1455)
	at java.base/sun.security.ssl.SSLSocketImpl$AppInputStream.read(SSLSocketImpl.java:1059)
	at com.mongodb.internal.connection.SocketStream.read(SocketStream.java:109)
	at com.mongodb.internal.connection.SocketStream.read(SocketStream.java:131)
	at com.mongodb.internal.connection.InternalStreamConnection.receiveResponseBuffers(InternalStreamConnection.java:647)
	at com.mongodb.internal.connection.InternalStreamConnection.receiveMessageWithAdditionalTimeout(InternalStreamConnection.java:512)
	... 5 common frames omitted
2022-01-25 03:34:30,117 INFO com.mongodb.diagnostics.logging.SLF4JLogger [cluster-ClusterId{value='61ee74ea46a6b46166e63427', description='null'}-cluster-shard-00-02.tyggj.mongodb.net:27017] Exception in monitor thread while connecting to server cluster-shard-00-02.tyggj.mongodb.net:27017
com.mongodb.MongoSocketException: No such host is known (cluster-shard-00-02.tyggj.mongodb.net)
	at com.mongodb.ServerAddress.getSocketAddresses(ServerAddress.java:211)
	at com.mongodb.internal.connection.SocketStream.initializeSocket(SocketStream.java:75)
	at com.mongodb.internal.connection.SocketStream.open(SocketStream.java:65)
	at com.mongodb.internal.connection.InternalStreamConnection.open(InternalStreamConnection.java:143)
	at com.mongodb.internal.connection.DefaultServerMonitor$ServerMonitorRunnable.lookupServerDescription(DefaultServerMonitor.java:188)
	at com.mongodb.internal.connection.DefaultServerMonitor$ServerMonitorRunnable.run(DefaultServerMonitor.java:144)
	at java.base/java.lang.Thread.run(Thread.java:833)
Caused by: java.net.UnknownHostException: No such host is known (cluster-shard-00-02.tyggj.mongodb.net)
	at java.base/java.net.Inet6AddressImpl.lookupAllHostAddr(Native Method)
	at java.base/java.net.InetAddress$PlatformNameService.lookupAllHostAddr(InetAddress.java:933)
	at java.base/java.net.InetAddress.getAddressesFromNameService(InetAddress.java:1519)
	at java.base/java.net.InetAddress$NameServiceAddresses.get(InetAddress.java:852)
	at java.base/java.net.InetAddress.getAllByName0(InetAddress.java:1509)
	at java.base/java.net.InetAddress.getAllByName(InetAddress.java:1367)
	at java.base/java.net.InetAddress.getAllByName(InetAddress.java:1301)
	at com.mongodb.ServerAddress.getSocketAddresses(ServerAddress.java:203)
	... 6 common frames omitted
2022-01-25 03:34:30,118 INFO com.mongodb.diagnostics.logging.SLF4JLogger [cluster-ClusterId{value='61ee74ea46a6b46166e63427', description='null'}-cluster-shard-00-00.tyggj.mongodb.net:27017] Exception in monitor thread while connecting to server cluster-shard-00-00.tyggj.mongodb.net:27017
com.mongodb.MongoSocketException: No such host is known (cluster-shard-00-00.tyggj.mongodb.net)
	at com.mongodb.ServerAddress.getSocketAddresses(ServerAddress.java:211)
	at com.mongodb.internal.connection.SocketStream.initializeSocket(SocketStream.java:75)
	at com.mongodb.internal.connection.SocketStream.open(SocketStream.java:65)
	at com.mongodb.internal.connection.InternalStreamConnection.open(InternalStreamConnection.java:143)
	at com.mongodb.internal.connection.DefaultServerMonitor$ServerMonitorRunnable.lookupServerDescription(DefaultServerMonitor.java:188)
	at com.mongodb.internal.connection.DefaultServerMonitor$ServerMonitorRunnable.run(DefaultServerMonitor.java:144)
	at java.base/java.lang.Thread.run(Thread.java:833)
Caused by: java.net.UnknownHostException: No such host is known (cluster-shard-00-00.tyggj.mongodb.net)
	at java.base/java.net.Inet6AddressImpl.lookupAllHostAddr(Native Method)
	at java.base/java.net.InetAddress$PlatformNameService.lookupAllHostAddr(InetAddress.java:933)
	at java.base/java.net.InetAddress.getAddressesFromNameService(InetAddress.java:1519)
	at java.base/java.net.InetAddress$NameServiceAddresses.get(InetAddress.java:852)
	at java.base/java.net.InetAddress.getAllByName0(InetAddress.java:1509)
	at java.base/java.net.InetAddress.getAllByName(InetAddress.java:1367)
	at java.base/java.net.InetAddress.getAllByName(InetAddress.java:1301)
	at com.mongodb.ServerAddress.getSocketAddresses(ServerAddress.java:203)
	... 6 common frames omitted
2022-01-25 03:34:30,118 INFO com.mongodb.diagnostics.logging.SLF4JLogger [cluster-ClusterId{value='61ee74ea46a6b46166e63427', description='null'}-cluster-shard-00-01.tyggj.mongodb.net:27017] Exception in monitor thread while connecting to server cluster-shard-00-01.tyggj.mongodb.net:27017
com.mongodb.MongoSocketException: No such host is known (cluster-shard-00-01.tyggj.mongodb.net)
	at com.mongodb.ServerAddress.getSocketAddresses(ServerAddress.java:211)
	at com.mongodb.internal.connection.SocketStream.initializeSocket(SocketStream.java:75)
	at com.mongodb.internal.connection.SocketStream.open(SocketStream.java:65)
	at com.mongodb.internal.connection.InternalStreamConnection.open(InternalStreamConnection.java:143)
	at com.mongodb.internal.connection.DefaultServerMonitor$ServerMonitorRunnable.lookupServerDescription(DefaultServerMonitor.java:188)
	at com.mongodb.internal.connection.DefaultServerMonitor$ServerMonitorRunnable.run(DefaultServerMonitor.java:144)
	at java.base/java.lang.Thread.run(Thread.java:833)
Caused by: java.net.UnknownHostException: No such host is known (cluster-shard-00-01.tyggj.mongodb.net)
	at java.base/java.net.Inet6AddressImpl.lookupAllHostAddr(Native Method)
	at java.base/java.net.InetAddress$PlatformNameService.lookupAllHostAddr(InetAddress.java:933)
	at java.base/java.net.InetAddress.getAddressesFromNameService(InetAddress.java:1519)
	at java.base/java.net.InetAddress$NameServiceAddresses.get(InetAddress.java:852)
	at java.base/java.net.InetAddress.getAllByName0(InetAddress.java:1509)
	at java.base/java.net.InetAddress.getAllByName(InetAddress.java:1367)
	at java.base/java.net.InetAddress.getAllByName(InetAddress.java:1301)
	at com.mongodb.ServerAddress.getSocketAddresses(ServerAddress.java:203)
	... 6 common frames omitted
2022-01-25 03:34:40,130 INFO com.mongodb.diagnostics.logging.SLF4JLogger [cluster-ClusterId{value='61ee74ea46a6b46166e63427', description='null'}-cluster-shard-00-01.tyggj.mongodb.net:27017] Exception in monitor thread while connecting to server cluster-shard-00-01.tyggj.mongodb.net:27017
com.mongodb.MongoSocketOpenException: Exception opening socket
	at com.mongodb.internal.connection.SocketStream.open(SocketStream.java:70)
	at com.mongodb.internal.connection.InternalStreamConnection.open(InternalStreamConnection.java:143)
	at com.mongodb.internal.connection.DefaultServerMonitor$ServerMonitorRunnable.lookupServerDescription(DefaultServerMonitor.java:188)
	at com.mongodb.internal.connection.DefaultServerMonitor$ServerMonitorRunnable.run(DefaultServerMonitor.java:144)
	at java.base/java.lang.Thread.run(Thread.java:833)
Caused by: java.net.SocketException: Network is unreachable: no further information
	at java.base/sun.nio.ch.Net.pollConnect(Native Method)
	at java.base/sun.nio.ch.Net.pollConnectNow(Net.java:672)
	at java.base/sun.nio.ch.NioSocketImpl.timedFinishConnect(NioSocketImpl.java:542)
	at java.base/sun.nio.ch.NioSocketImpl.connect(NioSocketImpl.java:597)
	at java.base/java.net.SocksSocketImpl.connect(SocksSocketImpl.java:327)
	at java.base/java.net.Socket.connect(Socket.java:633)
	at java.base/sun.security.ssl.SSLSocketImpl.connect(SSLSocketImpl.java:299)
	at com.mongodb.internal.connection.SocketStreamHelper.initialize(SocketStreamHelper.java:107)
	at com.mongodb.internal.connection.SocketStream.initializeSocket(SocketStream.java:79)
	at com.mongodb.internal.connection.SocketStream.open(SocketStream.java:65)
	... 4 common frames omitted
2022-01-25 03:34:40,130 INFO com.mongodb.diagnostics.logging.SLF4JLogger [cluster-ClusterId{value='61ee74ea46a6b46166e63427', description='null'}-cluster-shard-00-00.tyggj.mongodb.net:27017] Exception in monitor thread while connecting to server cluster-shard-00-00.tyggj.mongodb.net:27017
com.mongodb.MongoSocketOpenException: Exception opening socket
	at com.mongodb.internal.connection.SocketStream.open(SocketStream.java:70)
	at com.mongodb.internal.connection.InternalStreamConnection.open(InternalStreamConnection.java:143)
	at com.mongodb.internal.connection.DefaultServerMonitor$ServerMonitorRunnable.lookupServerDescription(DefaultServerMonitor.java:188)
	at com.mongodb.internal.connection.DefaultServerMonitor$ServerMonitorRunnable.run(DefaultServerMonitor.java:144)
	at java.base/java.lang.Thread.run(Thread.java:833)
Caused by: java.net.SocketException: Network is unreachable: no further information
	at java.base/sun.nio.ch.Net.pollConnect(Native Method)
	at java.base/sun.nio.ch.Net.pollConnectNow(Net.java:672)
	at java.base/sun.nio.ch.NioSocketImpl.timedFinishConnect(NioSocketImpl.java:542)
	at java.base/sun.nio.ch.NioSocketImpl.connect(NioSocketImpl.java:597)
	at java.base/java.net.SocksSocketImpl.connect(SocksSocketImpl.java:327)
	at java.base/java.net.Socket.connect(Socket.java:633)
	at java.base/sun.security.ssl.SSLSocketImpl.connect(SSLSocketImpl.java:299)
	at com.mongodb.internal.connection.SocketStreamHelper.initialize(SocketStreamHelper.java:107)
	at com.mongodb.internal.connection.SocketStream.initializeSocket(SocketStream.java:79)
	at com.mongodb.internal.connection.SocketStream.open(SocketStream.java:65)
	... 4 common frames omitted
2022-01-25 03:34:40,144 INFO com.mongodb.diagnostics.logging.SLF4JLogger [cluster-ClusterId{value='61ee74ea46a6b46166e63427', description='null'}-cluster-shard-00-02.tyggj.mongodb.net:27017] Exception in monitor thread while connecting to server cluster-shard-00-02.tyggj.mongodb.net:27017
com.mongodb.MongoSocketOpenException: Exception opening socket
	at com.mongodb.internal.connection.SocketStream.open(SocketStream.java:70)
	at com.mongodb.internal.connection.InternalStreamConnection.open(InternalStreamConnection.java:143)
	at com.mongodb.internal.connection.DefaultServerMonitor$ServerMonitorRunnable.lookupServerDescription(DefaultServerMonitor.java:188)
	at com.mongodb.internal.connection.DefaultServerMonitor$ServerMonitorRunnable.run(DefaultServerMonitor.java:144)
	at java.base/java.lang.Thread.run(Thread.java:833)
Caused by: java.net.SocketException: Network is unreachable: no further information
	at java.base/sun.nio.ch.Net.pollConnect(Native Method)
	at java.base/sun.nio.ch.Net.pollConnectNow(Net.java:672)
	at java.base/sun.nio.ch.NioSocketImpl.timedFinishConnect(NioSocketImpl.java:542)
	at java.base/sun.nio.ch.NioSocketImpl.connect(NioSocketImpl.java:597)
	at java.base/java.net.SocksSocketImpl.connect(SocksSocketImpl.java:327)
	at java.base/java.net.Socket.connect(Socket.java:633)
	at java.base/sun.security.ssl.SSLSocketImpl.connect(SSLSocketImpl.java:299)
	at com.mongodb.internal.connection.SocketStreamHelper.initialize(SocketStreamHelper.java:107)
	at com.mongodb.internal.connection.SocketStream.initializeSocket(SocketStream.java:79)
	at com.mongodb.internal.connection.SocketStream.open(SocketStream.java:65)
	... 4 common frames omitted
2022-01-25 10:00:34,656 INFO com.mongodb.diagnostics.logging.SLF4JLogger [cluster-rtt-ClusterId{value='61ee74ea46a6b46166e63427', description='null'}-cluster-shard-00-01.tyggj.mongodb.net:27017] Opened connection [connectionId{localValue:63, serverValue:33091}] to cluster-shard-00-01.tyggj.mongodb.net:27017
2022-01-25 10:00:34,689 INFO com.mongodb.diagnostics.logging.SLF4JLogger [cluster-rtt-ClusterId{value='61ee74ea46a6b46166e63427', description='null'}-cluster-shard-00-02.tyggj.mongodb.net:27017] Opened connection [connectionId{localValue:64, serverValue:32008}] to cluster-shard-00-02.tyggj.mongodb.net:27017
2022-01-25 10:00:35,205 INFO com.mongodb.diagnostics.logging.SLF4JLogger [cluster-rtt-ClusterId{value='61ee74ea46a6b46166e63427', description='null'}-cluster-shard-00-00.tyggj.mongodb.net:27017] Opened connection [connectionId{localValue:65, serverValue:32422}] to cluster-shard-00-00.tyggj.mongodb.net:27017
2022-01-25 10:00:39,042 INFO com.mongodb.diagnostics.logging.SLF4JLogger [cluster-ClusterId{value='61ee74ea46a6b46166e63427', description='null'}-cluster-shard-00-01.tyggj.mongodb.net:27017] Opened connection [connectionId{localValue:67, serverValue:33063}] to cluster-shard-00-01.tyggj.mongodb.net:27017
2022-01-25 10:00:39,043 INFO com.mongodb.diagnostics.logging.SLF4JLogger [cluster-ClusterId{value='61ee74ea46a6b46166e63427', description='null'}-cluster-shard-00-01.tyggj.mongodb.net:27017] Monitor thread successfully connected to server with description ServerDescription{address=cluster-shard-00-01.tyggj.mongodb.net:27017, type=REPLICA_SET_PRIMARY, state=CONNECTED, ok=true, minWireVersion=0, maxWireVersion=9, maxDocumentSize=16777216, logicalSessionTimeoutMinutes=30, roundTripTimeNanos=80596600, setName='atlas-stubv0-shard-0', canonicalAddress=cluster-shard-00-01.tyggj.mongodb.net:27017, hosts=[cluster-shard-00-02.tyggj.mongodb.net:27017, cluster-shard-00-00.tyggj.mongodb.net:27017, cluster-shard-00-01.tyggj.mongodb.net:27017], passives=[], arbiters=[], primary='cluster-shard-00-01.tyggj.mongodb.net:27017', tagSet=TagSet{[Tag{name='nodeType', value='ELECTABLE'}, Tag{name='provider', value='AWS'}, Tag{name='region', value='AP_SOUTH_1'}, Tag{name='workloadType', value='OPERATIONAL'}]}, electionId=7fffffff00000000000000d8, setVersion=6, topologyVersion=TopologyVersion{processId=61ee6215e26674e7cda8299e, counter=6}, lastWriteDate=Tue Jan 25 10:00:33 IST 2022, lastUpdateTimeNanos=85410326706100}
2022-01-25 10:00:39,044 INFO com.mongodb.diagnostics.logging.SLF4JLogger [cluster-ClusterId{value='61ee74ea46a6b46166e63427', description='null'}-cluster-shard-00-01.tyggj.mongodb.net:27017] Discovered replica set primary cluster-shard-00-01.tyggj.mongodb.net:27017
2022-01-25 10:00:39,053 INFO com.mongodb.diagnostics.logging.SLF4JLogger [cluster-ClusterId{value='61ee74ea46a6b46166e63427', description='null'}-cluster-shard-00-00.tyggj.mongodb.net:27017] Opened connection [connectionId{localValue:66, serverValue:32422}] to cluster-shard-00-00.tyggj.mongodb.net:27017
2022-01-25 10:00:39,054 INFO com.mongodb.diagnostics.logging.SLF4JLogger [cluster-ClusterId{value='61ee74ea46a6b46166e63427', description='null'}-cluster-shard-00-00.tyggj.mongodb.net:27017] Monitor thread successfully connected to server with description ServerDescription{address=cluster-shard-00-00.tyggj.mongodb.net:27017, type=REPLICA_SET_SECONDARY, state=CONNECTED, ok=true, minWireVersion=0, maxWireVersion=9, maxDocumentSize=16777216, logicalSessionTimeoutMinutes=30, roundTripTimeNanos=88402600, setName='atlas-stubv0-shard-0', canonicalAddress=cluster-shard-00-00.tyggj.mongodb.net:27017, hosts=[cluster-shard-00-02.tyggj.mongodb.net:27017, cluster-shard-00-00.tyggj.mongodb.net:27017, cluster-shard-00-01.tyggj.mongodb.net:27017], passives=[], arbiters=[], primary='cluster-shard-00-01.tyggj.mongodb.net:27017', tagSet=TagSet{[Tag{name='nodeType', value='ELECTABLE'}, Tag{name='provider', value='AWS'}, Tag{name='region', value='AP_SOUTH_1'}, Tag{name='workloadType', value='OPERATIONAL'}]}, electionId=null, setVersion=6, topologyVersion=TopologyVersion{processId=61ee6153900078948a31285f, counter=4}, lastWriteDate=Tue Jan 25 10:00:33 IST 2022, lastUpdateTimeNanos=85410337106400}
2022-01-25 10:00:39,071 INFO com.mongodb.diagnostics.logging.SLF4JLogger [cluster-ClusterId{value='61ee74ea46a6b46166e63427', description='null'}-cluster-shard-00-02.tyggj.mongodb.net:27017] Opened connection [connectionId{localValue:68, serverValue:32008}] to cluster-shard-00-02.tyggj.mongodb.net:27017
2022-01-25 10:00:39,072 INFO com.mongodb.diagnostics.logging.SLF4JLogger [cluster-ClusterId{value='61ee74ea46a6b46166e63427', description='null'}-cluster-shard-00-02.tyggj.mongodb.net:27017] Monitor thread successfully connected to server with description ServerDescription{address=cluster-shard-00-02.tyggj.mongodb.net:27017, type=REPLICA_SET_SECONDARY, state=CONNECTED, ok=true, minWireVersion=0, maxWireVersion=9, maxDocumentSize=16777216, logicalSessionTimeoutMinutes=30, roundTripTimeNanos=90234000, setName='atlas-stubv0-shard-0', canonicalAddress=cluster-shard-00-02.tyggj.mongodb.net:27017, hosts=[cluster-shard-00-02.tyggj.mongodb.net:27017, cluster-shard-00-00.tyggj.mongodb.net:27017, cluster-shard-00-01.tyggj.mongodb.net:27017], passives=[], arbiters=[], primary='cluster-shard-00-01.tyggj.mongodb.net:27017', tagSet=TagSet{[Tag{name='nodeType', value='ELECTABLE'}, Tag{name='provider', value='AWS'}, Tag{name='region', value='AP_SOUTH_1'}, Tag{name='workloadType', value='OPERATIONAL'}]}, electionId=null, setVersion=6, topologyVersion=TopologyVersion{processId=61ee62e32342d2b9a12d72d2, counter=3}, lastWriteDate=Tue Jan 25 10:00:33 IST 2022, lastUpdateTimeNanos=85410355691700}
2022-01-25 10:06:23,923 INFO com.mongodb.diagnostics.logging.SLF4JLogger [cluster-ClusterId{value='61ee74ea46a6b46166e63427', description='null'}-cluster-shard-00-01.tyggj.mongodb.net:27017] Exception in monitor thread while connecting to server cluster-shard-00-01.tyggj.mongodb.net:27017
com.mongodb.MongoSocketReadException: Exception receiving message
	at com.mongodb.internal.connection.InternalStreamConnection.translateReadException(InternalStreamConnection.java:636)
	at com.mongodb.internal.connection.InternalStreamConnection.receiveMessageWithAdditionalTimeout(InternalStreamConnection.java:515)
	at com.mongodb.internal.connection.InternalStreamConnection.receiveCommandMessageResponse(InternalStreamConnection.java:355)
	at com.mongodb.internal.connection.InternalStreamConnection.receive(InternalStreamConnection.java:315)
	at com.mongodb.internal.connection.DefaultServerMonitor$ServerMonitorRunnable.lookupServerDescription(DefaultServerMonitor.java:215)
	at com.mongodb.internal.connection.DefaultServerMonitor$ServerMonitorRunnable.run(DefaultServerMonitor.java:144)
	at java.base/java.lang.Thread.run(Thread.java:833)
Caused by: java.net.SocketException: Socket is closed
	at java.base/java.net.Socket.setSoTimeout(Socket.java:1218)
	at java.base/sun.security.ssl.BaseSSLSocketImpl.setSoTimeout(BaseSSLSocketImpl.java:638)
	at java.base/sun.security.ssl.SSLSocketImpl.setSoTimeout(SSLSocketImpl.java:74)
	at com.mongodb.internal.connection.SocketStream.read(SocketStream.java:133)
	at com.mongodb.internal.connection.InternalStreamConnection.receiveResponseBuffers(InternalStreamConnection.java:647)
	at com.mongodb.internal.connection.InternalStreamConnection.receiveMessageWithAdditionalTimeout(InternalStreamConnection.java:512)
	... 5 common frames omitted
2022-01-25 10:06:23,923 INFO com.mongodb.diagnostics.logging.SLF4JLogger [cluster-ClusterId{value='61ee74ea46a6b46166e63427', description='null'}-cluster-shard-00-00.tyggj.mongodb.net:27017] Exception in monitor thread while connecting to server cluster-shard-00-00.tyggj.mongodb.net:27017
com.mongodb.MongoSocketReadException: Exception receiving message
	at com.mongodb.internal.connection.InternalStreamConnection.translateReadException(InternalStreamConnection.java:636)
	at com.mongodb.internal.connection.InternalStreamConnection.receiveMessageWithAdditionalTimeout(InternalStreamConnection.java:515)
	at com.mongodb.internal.connection.InternalStreamConnection.receiveCommandMessageResponse(InternalStreamConnection.java:355)
	at com.mongodb.internal.connection.InternalStreamConnection.receive(InternalStreamConnection.java:315)
	at com.mongodb.internal.connection.DefaultServerMonitor$ServerMonitorRunnable.lookupServerDescription(DefaultServerMonitor.java:215)
	at com.mongodb.internal.connection.DefaultServerMonitor$ServerMonitorRunnable.run(DefaultServerMonitor.java:144)
	at java.base/java.lang.Thread.run(Thread.java:833)
Caused by: java.net.SocketException: Socket is closed
	at java.base/java.net.Socket.setSoTimeout(Socket.java:1218)
	at java.base/sun.security.ssl.BaseSSLSocketImpl.setSoTimeout(BaseSSLSocketImpl.java:638)
	at java.base/sun.security.ssl.SSLSocketImpl.setSoTimeout(SSLSocketImpl.java:74)
	at com.mongodb.internal.connection.SocketStream.read(SocketStream.java:133)
	at com.mongodb.internal.connection.InternalStreamConnection.receiveResponseBuffers(InternalStreamConnection.java:647)
	at com.mongodb.internal.connection.InternalStreamConnection.receiveMessageWithAdditionalTimeout(InternalStreamConnection.java:512)
	... 5 common frames omitted
2022-01-25 10:06:23,924 INFO com.mongodb.diagnostics.logging.SLF4JLogger [cluster-ClusterId{value='61ee74ea46a6b46166e63427', description='null'}-cluster-shard-00-02.tyggj.mongodb.net:27017] Exception in monitor thread while connecting to server cluster-shard-00-02.tyggj.mongodb.net:27017
com.mongodb.MongoSocketReadException: Exception receiving message
	at com.mongodb.internal.connection.InternalStreamConnection.translateReadException(InternalStreamConnection.java:636)
	at com.mongodb.internal.connection.InternalStreamConnection.receiveMessageWithAdditionalTimeout(InternalStreamConnection.java:515)
	at com.mongodb.internal.connection.InternalStreamConnection.receiveCommandMessageResponse(InternalStreamConnection.java:355)
	at com.mongodb.internal.connection.InternalStreamConnection.receive(InternalStreamConnection.java:315)
	at com.mongodb.internal.connection.DefaultServerMonitor$ServerMonitorRunnable.lookupServerDescription(DefaultServerMonitor.java:215)
	at com.mongodb.internal.connection.DefaultServerMonitor$ServerMonitorRunnable.run(DefaultServerMonitor.java:144)
	at java.base/java.lang.Thread.run(Thread.java:833)
Caused by: java.net.SocketException: Socket is closed
	at java.base/java.net.Socket.setSoTimeout(Socket.java:1218)
	at java.base/sun.security.ssl.BaseSSLSocketImpl.setSoTimeout(BaseSSLSocketImpl.java:638)
	at java.base/sun.security.ssl.SSLSocketImpl.setSoTimeout(SSLSocketImpl.java:74)
	at com.mongodb.internal.connection.SocketStream.read(SocketStream.java:133)
	at com.mongodb.internal.connection.InternalStreamConnection.receiveResponseBuffers(InternalStreamConnection.java:647)
	at com.mongodb.internal.connection.InternalStreamConnection.receiveMessageWithAdditionalTimeout(InternalStreamConnection.java:512)
	... 5 common frames omitted
2022-01-25 10:06:23,924 INFO com.mongodb.diagnostics.logging.SLF4JLogger [cluster-ClusterId{value='61ee74ea46a6b46166e63427', description='null'}-cluster-shard-00-00.tyggj.mongodb.net:27017] Exception in monitor thread while connecting to server cluster-shard-00-00.tyggj.mongodb.net:27017
com.mongodb.MongoSocketOpenException: Exception opening socket
	at com.mongodb.internal.connection.SocketStream.open(SocketStream.java:70)
	at com.mongodb.internal.connection.InternalStreamConnection.open(InternalStreamConnection.java:143)
	at com.mongodb.internal.connection.DefaultServerMonitor$ServerMonitorRunnable.lookupServerDescription(DefaultServerMonitor.java:188)
	at com.mongodb.internal.connection.DefaultServerMonitor$ServerMonitorRunnable.run(DefaultServerMonitor.java:144)
	at java.base/java.lang.Thread.run(Thread.java:833)
Caused by: java.net.SocketException: Network is unreachable: no further information
	at java.base/sun.nio.ch.Net.pollConnect(Native Method)
	at java.base/sun.nio.ch.Net.pollConnectNow(Net.java:672)
	at java.base/sun.nio.ch.NioSocketImpl.timedFinishConnect(NioSocketImpl.java:542)
	at java.base/sun.nio.ch.NioSocketImpl.connect(NioSocketImpl.java:597)
	at java.base/java.net.SocksSocketImpl.connect(SocksSocketImpl.java:327)
	at java.base/java.net.Socket.connect(Socket.java:633)
	at java.base/sun.security.ssl.SSLSocketImpl.connect(SSLSocketImpl.java:299)
	at com.mongodb.internal.connection.SocketStreamHelper.initialize(SocketStreamHelper.java:107)
	at com.mongodb.internal.connection.SocketStream.initializeSocket(SocketStream.java:79)
	at com.mongodb.internal.connection.SocketStream.open(SocketStream.java:65)
	... 4 common frames omitted
2022-01-25 10:06:24,007 INFO com.mongodb.diagnostics.logging.SLF4JLogger [cluster-ClusterId{value='61ee74ea46a6b46166e63427', description='null'}-cluster-shard-00-01.tyggj.mongodb.net:27017] Exception in monitor thread while connecting to server cluster-shard-00-01.tyggj.mongodb.net:27017
com.mongodb.MongoSocketException: No such host is known (cluster-shard-00-01.tyggj.mongodb.net)
	at com.mongodb.ServerAddress.getSocketAddresses(ServerAddress.java:211)
	at com.mongodb.internal.connection.SocketStream.initializeSocket(SocketStream.java:75)
	at com.mongodb.internal.connection.SocketStream.open(SocketStream.java:65)
	at com.mongodb.internal.connection.InternalStreamConnection.open(InternalStreamConnection.java:143)
	at com.mongodb.internal.connection.DefaultServerMonitor$ServerMonitorRunnable.lookupServerDescription(DefaultServerMonitor.java:188)
	at com.mongodb.internal.connection.DefaultServerMonitor$ServerMonitorRunnable.run(DefaultServerMonitor.java:144)
	at java.base/java.lang.Thread.run(Thread.java:833)
Caused by: java.net.UnknownHostException: No such host is known (cluster-shard-00-01.tyggj.mongodb.net)
	at java.base/java.net.Inet6AddressImpl.lookupAllHostAddr(Native Method)
	at java.base/java.net.InetAddress$PlatformNameService.lookupAllHostAddr(InetAddress.java:933)
	at java.base/java.net.InetAddress.getAddressesFromNameService(InetAddress.java:1519)
	at java.base/java.net.InetAddress$NameServiceAddresses.get(InetAddress.java:852)
	at java.base/java.net.InetAddress.getAllByName0(InetAddress.java:1509)
	at java.base/java.net.InetAddress.getAllByName(InetAddress.java:1367)
	at java.base/java.net.InetAddress.getAllByName(InetAddress.java:1301)
	at com.mongodb.ServerAddress.getSocketAddresses(ServerAddress.java:203)
	... 6 common frames omitted
2022-01-25 10:06:24,007 INFO com.mongodb.diagnostics.logging.SLF4JLogger [cluster-ClusterId{value='61ee74ea46a6b46166e63427', description='null'}-cluster-shard-00-02.tyggj.mongodb.net:27017] Exception in monitor thread while connecting to server cluster-shard-00-02.tyggj.mongodb.net:27017
com.mongodb.MongoSocketException: No such host is known (cluster-shard-00-02.tyggj.mongodb.net)
	at com.mongodb.ServerAddress.getSocketAddresses(ServerAddress.java:211)
	at com.mongodb.internal.connection.SocketStream.initializeSocket(SocketStream.java:75)
	at com.mongodb.internal.connection.SocketStream.open(SocketStream.java:65)
	at com.mongodb.internal.connection.InternalStreamConnection.open(InternalStreamConnection.java:143)
	at com.mongodb.internal.connection.DefaultServerMonitor$ServerMonitorRunnable.lookupServerDescription(DefaultServerMonitor.java:188)
	at com.mongodb.internal.connection.DefaultServerMonitor$ServerMonitorRunnable.run(DefaultServerMonitor.java:144)
	at java.base/java.lang.Thread.run(Thread.java:833)
Caused by: java.net.UnknownHostException: No such host is known (cluster-shard-00-02.tyggj.mongodb.net)
	at java.base/java.net.Inet6AddressImpl.lookupAllHostAddr(Native Method)
	at java.base/java.net.InetAddress$PlatformNameService.lookupAllHostAddr(InetAddress.java:933)
	at java.base/java.net.InetAddress.getAddressesFromNameService(InetAddress.java:1519)
	at java.base/java.net.InetAddress$NameServiceAddresses.get(InetAddress.java:852)
	at java.base/java.net.InetAddress.getAllByName0(InetAddress.java:1509)
	at java.base/java.net.InetAddress.getAllByName(InetAddress.java:1367)
	at java.base/java.net.InetAddress.getAllByName(InetAddress.java:1301)
	at com.mongodb.ServerAddress.getSocketAddresses(ServerAddress.java:203)
	... 6 common frames omitted
2022-01-25 10:06:33,939 INFO com.mongodb.diagnostics.logging.SLF4JLogger [cluster-ClusterId{value='61ee74ea46a6b46166e63427', description='null'}-cluster-shard-00-00.tyggj.mongodb.net:27017] Exception in monitor thread while connecting to server cluster-shard-00-00.tyggj.mongodb.net:27017
com.mongodb.MongoSocketException: No such host is known (cluster-shard-00-00.tyggj.mongodb.net)
	at com.mongodb.ServerAddress.getSocketAddresses(ServerAddress.java:211)
	at com.mongodb.internal.connection.SocketStream.initializeSocket(SocketStream.java:75)
	at com.mongodb.internal.connection.SocketStream.open(SocketStream.java:65)
	at com.mongodb.internal.connection.InternalStreamConnection.open(InternalStreamConnection.java:143)
	at com.mongodb.internal.connection.DefaultServerMonitor$ServerMonitorRunnable.lookupServerDescription(DefaultServerMonitor.java:188)
	at com.mongodb.internal.connection.DefaultServerMonitor$ServerMonitorRunnable.run(DefaultServerMonitor.java:144)
	at java.base/java.lang.Thread.run(Thread.java:833)
Caused by: java.net.UnknownHostException: No such host is known (cluster-shard-00-00.tyggj.mongodb.net)
	at java.base/java.net.Inet6AddressImpl.lookupAllHostAddr(Native Method)
	at java.base/java.net.InetAddress$PlatformNameService.lookupAllHostAddr(InetAddress.java:933)
	at java.base/java.net.InetAddress.getAddressesFromNameService(InetAddress.java:1519)
	at java.base/java.net.InetAddress$NameServiceAddresses.get(InetAddress.java:852)
	at java.base/java.net.InetAddress.getAllByName0(InetAddress.java:1509)
	at java.base/java.net.InetAddress.getAllByName(InetAddress.java:1367)
	at java.base/java.net.InetAddress.getAllByName(InetAddress.java:1301)
	at com.mongodb.ServerAddress.getSocketAddresses(ServerAddress.java:203)
	... 6 common frames omitted
2022-01-25 10:06:54,884 INFO com.mongodb.diagnostics.logging.SLF4JLogger [cluster-ClusterId{value='61ee74ea46a6b46166e63427', description='null'}-cluster-shard-00-02.tyggj.mongodb.net:27017] Opened connection [connectionId{localValue:85, serverValue:32168}] to cluster-shard-00-02.tyggj.mongodb.net:27017
2022-01-25 10:06:54,885 INFO com.mongodb.diagnostics.logging.SLF4JLogger [cluster-ClusterId{value='61ee74ea46a6b46166e63427', description='null'}-cluster-shard-00-02.tyggj.mongodb.net:27017] Monitor thread successfully connected to server with description ServerDescription{address=cluster-shard-00-02.tyggj.mongodb.net:27017, type=REPLICA_SET_SECONDARY, state=CONNECTED, ok=true, minWireVersion=0, maxWireVersion=9, maxDocumentSize=16777216, logicalSessionTimeoutMinutes=30, roundTripTimeNanos=104967300, setName='atlas-stubv0-shard-0', canonicalAddress=cluster-shard-00-02.tyggj.mongodb.net:27017, hosts=[cluster-shard-00-02.tyggj.mongodb.net:27017, cluster-shard-00-00.tyggj.mongodb.net:27017, cluster-shard-00-01.tyggj.mongodb.net:27017], passives=[], arbiters=[], primary='cluster-shard-00-01.tyggj.mongodb.net:27017', tagSet=TagSet{[Tag{name='nodeType', value='ELECTABLE'}, Tag{name='provider', value='AWS'}, Tag{name='region', value='AP_SOUTH_1'}, Tag{name='workloadType', value='OPERATIONAL'}]}, electionId=null, setVersion=6, topologyVersion=TopologyVersion{processId=61ee62e32342d2b9a12d72d2, counter=3}, lastWriteDate=Tue Jan 25 10:06:49 IST 2022, lastUpdateTimeNanos=85786168759500}
2022-01-25 10:06:55,000 INFO com.mongodb.diagnostics.logging.SLF4JLogger [cluster-ClusterId{value='61ee74ea46a6b46166e63427', description='null'}-cluster-shard-00-01.tyggj.mongodb.net:27017] Opened connection [connectionId{localValue:86, serverValue:33222}] to cluster-shard-00-01.tyggj.mongodb.net:27017
2022-01-25 10:06:55,000 INFO com.mongodb.diagnostics.logging.SLF4JLogger [cluster-ClusterId{value='61ee74ea46a6b46166e63427', description='null'}-cluster-shard-00-01.tyggj.mongodb.net:27017] Monitor thread successfully connected to server with description ServerDescription{address=cluster-shard-00-01.tyggj.mongodb.net:27017, type=REPLICA_SET_PRIMARY, state=CONNECTED, ok=true, minWireVersion=0, maxWireVersion=9, maxDocumentSize=16777216, logicalSessionTimeoutMinutes=30, roundTripTimeNanos=107589600, setName='atlas-stubv0-shard-0', canonicalAddress=cluster-shard-00-01.tyggj.mongodb.net:27017, hosts=[cluster-shard-00-02.tyggj.mongodb.net:27017, cluster-shard-00-00.tyggj.mongodb.net:27017, cluster-shard-00-01.tyggj.mongodb.net:27017], passives=[], arbiters=[], primary='cluster-shard-00-01.tyggj.mongodb.net:27017', tagSet=TagSet{[Tag{name='nodeType', value='ELECTABLE'}, Tag{name='provider', value='AWS'}, Tag{name='region', value='AP_SOUTH_1'}, Tag{name='workloadType', value='OPERATIONAL'}]}, electionId=7fffffff00000000000000d8, setVersion=6, topologyVersion=TopologyVersion{processId=61ee6215e26674e7cda8299e, counter=6}, lastWriteDate=Tue Jan 25 10:06:49 IST 2022, lastUpdateTimeNanos=85786283708300}
2022-01-25 10:06:55,001 INFO com.mongodb.diagnostics.logging.SLF4JLogger [cluster-ClusterId{value='61ee74ea46a6b46166e63427', description='null'}-cluster-shard-00-01.tyggj.mongodb.net:27017] Discovered replica set primary cluster-shard-00-01.tyggj.mongodb.net:27017
2022-01-25 10:06:55,184 INFO com.mongodb.diagnostics.logging.SLF4JLogger [cluster-ClusterId{value='61ee74ea46a6b46166e63427', description='null'}-cluster-shard-00-00.tyggj.mongodb.net:27017] Opened connection [connectionId{localValue:84, serverValue:32587}] to cluster-shard-00-00.tyggj.mongodb.net:27017
2022-01-25 10:06:55,185 INFO com.mongodb.diagnostics.logging.SLF4JLogger [cluster-ClusterId{value='61ee74ea46a6b46166e63427', description='null'}-cluster-shard-00-00.tyggj.mongodb.net:27017] Monitor thread successfully connected to server with description ServerDescription{address=cluster-shard-00-00.tyggj.mongodb.net:27017, type=REPLICA_SET_SECONDARY, state=CONNECTED, ok=true, minWireVersion=0, maxWireVersion=9, maxDocumentSize=16777216, logicalSessionTimeoutMinutes=30, roundTripTimeNanos=103355300, setName='atlas-stubv0-shard-0', canonicalAddress=cluster-shard-00-00.tyggj.mongodb.net:27017, hosts=[cluster-shard-00-02.tyggj.mongodb.net:27017, cluster-shard-00-00.tyggj.mongodb.net:27017, cluster-shard-00-01.tyggj.mongodb.net:27017], passives=[], arbiters=[], primary='cluster-shard-00-01.tyggj.mongodb.net:27017', tagSet=TagSet{[Tag{name='nodeType', value='ELECTABLE'}, Tag{name='provider', value='AWS'}, Tag{name='region', value='AP_SOUTH_1'}, Tag{name='workloadType', value='OPERATIONAL'}]}, electionId=null, setVersion=6, topologyVersion=TopologyVersion{processId=61ee6153900078948a31285f, counter=4}, lastWriteDate=Tue Jan 25 10:06:49 IST 2022, lastUpdateTimeNanos=85786468794000}
2022-01-25 10:07:03,231 INFO com.mongodb.diagnostics.logging.SLF4JLogger [cluster-rtt-ClusterId{value='61ee74ea46a6b46166e63427', description='null'}-cluster-shard-00-02.tyggj.mongodb.net:27017] Opened connection [connectionId{localValue:87, serverValue:32173}] to cluster-shard-00-02.tyggj.mongodb.net:27017
2022-01-25 10:07:03,260 INFO com.mongodb.diagnostics.logging.SLF4JLogger [cluster-rtt-ClusterId{value='61ee74ea46a6b46166e63427', description='null'}-cluster-shard-00-01.tyggj.mongodb.net:27017] Opened connection [connectionId{localValue:88, serverValue:33184}] to cluster-shard-00-01.tyggj.mongodb.net:27017
2022-01-25 10:07:03,755 INFO com.mongodb.diagnostics.logging.SLF4JLogger [cluster-rtt-ClusterId{value='61ee74ea46a6b46166e63427', description='null'}-cluster-shard-00-00.tyggj.mongodb.net:27017] Opened connection [connectionId{localValue:89, serverValue:32579}] to cluster-shard-00-00.tyggj.mongodb.net:27017
2022-01-25 11:45:05,811 INFO org.springframework.boot.admin.SpringApplicationAdminMXBeanRegistrar$SpringApplicationAdmin [RMI TCP Connection(198)-127.0.0.1] Application shutdown requested.
2022-01-25 11:45:05,928 INFO com.mongodb.diagnostics.logging.SLF4JLogger [RMI TCP Connection(198)-127.0.0.1] Closed connection [connectionId{localValue:7, serverValue:3537}] to cluster-shard-00-01.tyggj.mongodb.net:27017 because there was a socket exception raised on another connection from this pool.
2022-01-25 11:45:05,930 INFO com.mongodb.diagnostics.logging.SLF4JLogger [RMI TCP Connection(198)-127.0.0.1] Closed connection [connectionId{localValue:8, serverValue:3522}] to cluster-shard-00-01.tyggj.mongodb.net:27017 because there was a socket exception raised on another connection from this pool.
2022-01-25 11:45:06,399 INFO com.mongodb.diagnostics.logging.SLF4JLogger [RMI TCP Connection(198)-127.0.0.1] Opened connection [connectionId{localValue:90, serverValue:36264}] to cluster-shard-00-01.tyggj.mongodb.net:27017
2022-01-25 11:45:06,437 INFO com.mongodb.diagnostics.logging.SLF4JLogger [RMI TCP Connection(198)-127.0.0.1] Closed connection [connectionId{localValue:90, serverValue:36264}] to cluster-shard-00-01.tyggj.mongodb.net:27017 because the pool has been closed.
