2021-11-19 14:08:35,218 INFO org.springframework.boot.StartupInfoLogger [main] Starting OtpProjectApplication using Java 17 on Varun-INT081 with PID 3124 (C:\Users\Varun_Sharma\eclipse-workspace\otp2\target\classes started by Varun_Sharma in C:\Users\Varun_Sharma\eclipse-workspace\otp2)
2021-11-19 14:08:35,225 INFO org.springframework.boot.SpringApplication [main] No active profile set, falling back to default profiles: default
2021-11-19 14:08:36,061 INFO org.springframework.data.repository.config.RepositoryConfigurationDelegate [main] Bootstrapping Spring Data JPA repositories in DEFAULT mode.
2021-11-19 14:08:36,132 INFO org.springframework.data.repository.config.RepositoryConfigurationDelegate [main] Finished Spring Data repository scanning in 60 ms. Found 1 JPA repository interfaces.
2021-11-19 14:08:36,789 INFO org.springframework.boot.web.embedded.tomcat.TomcatWebServer [main] Tomcat initialized with port(s): 9090 (https)
2021-11-19 14:08:36,808 INFO org.apache.juli.logging.DirectJDKLog [main] Initializing ProtocolHandler ["https-jsse-nio-9090"]
2021-11-19 14:08:36,809 INFO org.apache.juli.logging.DirectJDKLog [main] Starting service [Tomcat]
2021-11-19 14:08:36,809 INFO org.apache.juli.logging.DirectJDKLog [main] Starting Servlet engine: [Apache Tomcat/9.0.54]
2021-11-19 14:08:36,967 INFO org.apache.juli.logging.DirectJDKLog [main] Initializing Spring embedded WebApplicationContext
2021-11-19 14:08:36,967 INFO org.springframework.boot.web.servlet.context.ServletWebServerApplicationContext [main] Root WebApplicationContext: initialization completed in 1691 ms
2021-11-19 14:08:37,207 INFO org.hibernate.jpa.internal.util.LogHelper [main] HHH000204: Processing PersistenceUnitInfo [name: default]
2021-11-19 14:08:37,290 INFO org.hibernate.Version [main] HHH000412: Hibernate ORM core version 5.4.32.Final
2021-11-19 14:08:37,448 INFO org.hibernate.annotations.common.reflection.java.JavaReflectionManager [main] HCANN000001: Hibernate Commons Annotations {5.1.2.Final}
2021-11-19 14:08:37,535 INFO com.zaxxer.hikari.HikariDataSource [main] HikariPool-1 - Starting...
2021-11-19 14:08:37,714 INFO com.zaxxer.hikari.HikariDataSource [main] HikariPool-1 - Start completed.
2021-11-19 14:08:37,747 INFO org.hibernate.dialect.Dialect [main] HHH000400: Using dialect: org.hibernate.dialect.MySQL57Dialect
2021-11-19 14:08:38,276 INFO org.hibernate.engine.transaction.jta.platform.internal.JtaPlatformInitiator [main] HHH000490: Using JtaPlatform implementation: [org.hibernate.engine.transaction.jta.platform.internal.NoJtaPlatform]
2021-11-19 14:08:38,282 INFO org.springframework.orm.jpa.AbstractEntityManagerFactoryBean [main] Initialized JPA EntityManagerFactory for persistence unit 'default'
2021-11-19 14:08:38,748 WARN org.springframework.boot.autoconfigure.orm.jpa.JpaBaseConfiguration$JpaWebConfiguration [main] spring.jpa.open-in-view is enabled by default. Therefore, database queries may be performed during view rendering. Explicitly configure spring.jpa.open-in-view to disable this warning
2021-11-19 14:08:39,096 WARN org.springframework.boot.autoconfigure.thymeleaf.ThymeleafAutoConfiguration$DefaultTemplateResolverConfiguration [main] Cannot find template location: classpath:/templates/ (please add some templates or check your Thymeleaf configuration)
2021-11-19 14:08:39,175 INFO org.apache.juli.logging.DirectJDKLog [main] Starting ProtocolHandler ["https-jsse-nio-9090"]
2021-11-19 14:08:39,380 INFO org.springframework.boot.web.embedded.tomcat.TomcatWebServer [main] Tomcat started on port(s): 9090 (https) with context path ''
2021-11-19 14:08:39,386 INFO springfox.documentation.spring.web.plugins.DocumentationPluginsBootstrapper [main] Context refreshed
2021-11-19 14:08:39,404 INFO springfox.documentation.spring.web.plugins.DocumentationPluginsBootstrapper [main] Found 1 custom documentation plugin(s)
2021-11-19 14:08:39,411 INFO springfox.documentation.spring.web.scanners.ApiListingReferenceScanner [main] Scanning for api listing references
2021-11-19 14:08:39,475 INFO org.springframework.boot.StartupInfoLogger [main] Started OtpProjectApplication in 4.641 seconds (JVM running for 5.281)
2021-11-19 14:09:41,064 INFO org.apache.juli.logging.DirectJDKLog [https-jsse-nio-9090-exec-3] Initializing Spring DispatcherServlet 'dispatcherServlet'
2021-11-19 14:09:41,065 INFO org.springframework.web.servlet.FrameworkServlet [https-jsse-nio-9090-exec-3] Initializing Servlet 'dispatcherServlet'
2021-11-19 14:09:41,068 INFO org.springframework.web.servlet.FrameworkServlet [https-jsse-nio-9090-exec-3] Completed initialization in 2 ms
2021-11-19 14:09:48,897 INFO com.varun.otpproject.controller.ControllerClass [https-jsse-nio-9090-exec-2] Inside the post mapping123mishravineeta@gmail.com
2021-11-19 14:10:28,707 INFO com.varun.otpproject.service.ServiceClass [https-jsse-nio-9090-exec-2] Sending mail to the user :)
